<?xml version="1.0" encoding="UTF-8"?>
<!-- Generated by org.testng.reporters.JUnitReportReporter -->
<testsuite skipped="0" hostname="DESKTOP-T74GADG" name="com.training.regression.tests.ELTC_015" tests="1" failures="0" timestamp="06 Sep 2019 09:26:44 GMT" time="19.206" errors="0">
  <testcase name="logoutTest" time="19.206" classname="com.training.regression.tests.ELTC_015"/>
</testsuite> <!-- com.training.regression.tests.ELTC_015 -->
