<?xml version="1.0" encoding="UTF-8"?>
<!-- Generated by org.testng.reporters.JUnitReportReporter -->
<testsuite skipped="0" hostname="DESKTOP-T74GADG" name="com.training.regression.tests.ELTC_013" tests="1" failures="0" timestamp="05 Sep 2019 14:07:22 GMT" time="35.723" errors="0">
  <testcase name="changePwdTest" time="35.723" classname="com.training.regression.tests.ELTC_013"/>
</testsuite> <!-- com.training.regression.tests.ELTC_013 -->
