<?xml version="1.0" encoding="UTF-8"?>
<!-- Generated by org.testng.reporters.JUnitReportReporter -->
<testsuite skipped="0" hostname="DESKTOP-T74GADG" name="com.training.regression.tests.ELTC_011" tests="1" failures="0" timestamp="05 Sep 2019 13:07:06 GMT" time="42.581" errors="0">
  <testcase name="changePwdTest" time="42.581" classname="com.training.regression.tests.ELTC_011"/>
</testsuite> <!-- com.training.regression.tests.ELTC_011 -->
