<?xml version="1.0" encoding="UTF-8"?>
<!-- Generated by org.testng.reporters.JUnitReportReporter -->
<testsuite skipped="0" hostname="DESKTOP-T74GADG" name="com.training.sanity.tests.LoginTests" tests="1" failures="0" timestamp="04 Sep 2019 14:07:21 GMT" time="17.324" errors="0">
  <testcase name="validLoginTest" time="17.324" classname="com.training.sanity.tests.LoginTests"/>
</testsuite> <!-- com.training.sanity.tests.LoginTests -->
