<?xml version="1.0" encoding="UTF-8"?>
<!-- Generated by org.testng.reporters.JUnitReportReporter -->
<testsuite skipped="0" hostname="DESKTOP-T74GADG" name="com.training.regression.tests.ELTC_014" tests="1" failures="0" timestamp="06 Sep 2019 14:40:50 GMT" time="28.421" errors="0">
  <testcase name="courseDetailsTest" time="28.421" classname="com.training.regression.tests.ELTC_014"/>
</testsuite> <!-- com.training.regression.tests.ELTC_014 -->
